<?xml version="1.0" encoding="UTF-8"?>
<testsuite name="postmanTest" tests="1" skipped="0" failures="0" errors="0" timestamp="2023-02-08T12:19:27" hostname="DESKTOP-P1OSEEA" time="1.977">
  <properties/>
  <testcase name="test1()" classname="postmanTest" time="1.977"/>
  <system-out><![CDATA[]]></system-out>
  <system-err><![CDATA[]]></system-err>
</testsuite>
